\BOOKMARK [-1][-]{part.1}{\376\377\000I\000\040\000S\000i\000s\000t\000e\000m\000i\000\040\000c\000o\000n\000t\000i\000n\000u\000i}{}% 1
\BOOKMARK [0][-]{chapter.1}{\376\377\000I\000n\000s\000i\000e\000m\000i\000\040\000i\000n\000v\000a\000r\000i\000a\000n\000t\000i\000,\000\040\000O\000r\000b\000i\000t\000e\000\040\000e\000\040\000O\000m\000e\000g\000a\000-\000l\000i\000m\000i\000t\000i}{part.1}% 2
\BOOKMARK [1][-]{section.1.1}{\376\377\000O\000r\000b\000i\000t\000e\000,\000\040\000p\000u\000n\000t\000i\000\040\000f\000i\000s\000s\000i\000\040\000e\000\040\000p\000e\000r\000i\000o\000d\000i\000c\000i}{chapter.1}% 3
\BOOKMARK [1][-]{section.1.2}{\376\377\000I\000n\000s\000i\000e\000m\000i\000\040\000i\000n\000v\000a\000r\000i\000a\000n\000t\000i}{chapter.1}% 4
\BOOKMARK [1][-]{section.1.3}{\376\377\000P\000a\000s\000s\000a\000g\000g\000i\000o\000\040\000a\000\040\000c\000o\000o\000r\000d\000i\000n\000a\000t\000e\000\040\000p\000o\000l\000a\000r\000i}{chapter.1}% 5
\BOOKMARK [1][-]{section.1.4}{\376\377\000A\000l\000p\000h\000a\000\040\000e\000\040\000O\000m\000e\000g\000a\000\040\000l\000i\000m\000i\000t\000i}{chapter.1}% 6
\BOOKMARK [0][-]{chapter.2}{\376\377\000S\000t\000a\000b\000i\000l\000i\000t\000\340\000\040\000e\000\040\000f\000u\000n\000z\000i\000o\000n\000i\000\040\000d\000i\000\040\000L\000y\000a\000p\000u\000n\000o\000v}{part.1}% 7
\BOOKMARK [1][-]{section.2.1}{\376\377\000S\000t\000a\000b\000i\000l\000i\000t\000\340\000\040\000p\000e\000r\000\040\000L\000y\000a\000p\000u\000n\000o\000v}{chapter.2}% 8
\BOOKMARK [1][-]{section.2.2}{\376\377\000F\000u\000n\000z\000i\000o\000n\000i\000\040\000d\000i\000\040\000L\000y\000a\000p\000u\000n\000o\000v}{chapter.2}% 9
\BOOKMARK [2][-]{subsection.2.2.1}{\376\377\000P\000r\000i\000m\000o\000\040\000a\000p\000p\000r\000o\000c\000c\000i\000o\000\040\000p\000e\000r\000\040\000c\000e\000r\000c\000a\000r\000e\000\040\000f\000u\000n\000z\000i\000o\000n\000i\000\040\000d\000i\000\040\000L\000y\000a\000p\000u\000n\000o\000v}{section.2.2}% 10
\BOOKMARK [0][-]{chapter.3}{\376\377\000L\000i\000n\000e\000a\000r\000i\000z\000z\000a\000z\000i\000o\000n\000e}{part.1}% 11
\BOOKMARK [1][-]{section.3.1}{\376\377\000I\000d\000e\000a\000\040\000d\000e\000l\000l\000a\000\040\000l\000i\000n\000e\000a\000r\000i\000z\000z\000a\000z\000i\000o\000n\000e}{chapter.3}% 12
\BOOKMARK [1][-]{section.3.2}{\376\377\000P\000o\000z\000z\000i\000\040\000e\000\040\000S\000o\000r\000g\000e\000n\000t\000i}{chapter.3}% 13
\BOOKMARK [1][-]{section.3.3}{\376\377\000C\000l\000a\000s\000s\000i\000f\000i\000c\000a\000z\000i\000o\000n\000e\000\040\000d\000e\000i\000\040\000p\000u\000n\000t\000i\000\040\000s\000t\000a\000b\000i\000l\000i\000\040\000l\000i\000n\000e\000a\000r\000i\000\040\000s\000u\000l\000\040\000p\000i\000a\000n\000o}{chapter.3}% 14
\BOOKMARK [0][-]{chapter.4}{\376\377\000I\000n\000t\000e\000g\000r\000a\000l\000i\000\040\000P\000r\000i\000m\000i\000\040\000e\000\040\000S\000i\000s\000t\000e\000m\000i\000\040\000H\000a\000m\000i\000l\000t\000o\000n\000i\000a\000n\000i}{part.1}% 15
\BOOKMARK [1][-]{section.4.1}{\376\377\000S\000i\000s\000t\000e\000m\000i\000\040\000H\000a\000m\000i\000l\000t\000o\000n\000i\000a\000n\000i}{chapter.4}% 16
\BOOKMARK [2][-]{subsection.4.1.1}{\376\377\000S\000i\000s\000t\000e\000m\000i\000\040\000m\000e\000c\000c\000a\000n\000i\000c\000i\000\040\000c\000o\000n\000\040\000u\000n\000\040\000g\000r\000a\000d\000o\000\040\000d\000i\000\040\000l\000i\000b\000e\000r\000t\000\340}{section.4.1}% 17
\BOOKMARK [0][-]{chapter.5}{\376\377\000P\000r\000i\000m\000i\000\040\000m\000e\000t\000o\000d\000i\000\040\000d\000i\000\040\000s\000t\000u\000d\000i\000o\000\040\000g\000l\000o\000b\000a\000l\000e}{part.1}% 18
\BOOKMARK [1][-]{section.5.1}{\376\377\000M\000e\000t\000o\000d\000o\000\040\000d\000e\000l\000l\000e\000\040\000i\000s\000o\000c\000l\000i\000n\000e\000\040\000n\000e\000l\000\040\000p\000i\000a\000n\000o}{chapter.5}% 19
\BOOKMARK [1][-]{section.5.2}{\376\377\000R\000i\000c\000e\000r\000c\000a\000\040\000d\000i\000\040\000s\000i\000m\000m\000e\000t\000r\000i\000e}{chapter.5}% 20
\BOOKMARK [0][-]{chapter.6}{\376\377\000V\000a\000r\000i\000e\000t\000\340\000\040\000s\000t\000a\000b\000i\000l\000i\000/\000i\000n\000s\000t\000a\000b\000i\000l\000i}{part.1}% 21
\BOOKMARK [1][-]{section.6.1}{\376\377\000V\000a\000r\000i\000e\000t\000\340\000\040\000s\000t\000a\000b\000i\000l\000i\000\040\000e\000\040\000i\000n\000s\000t\000a\000b\000i\000l\000i\000\040\000l\000o\000c\000a\000l\000i}{chapter.6}% 22
\BOOKMARK [1][-]{section.6.2}{\376\377\000V\000a\000r\000i\000e\000t\000\340\000\040\000s\000t\000a\000b\000i\000l\000i\000\040\000e\000\040\000i\000n\000s\000t\000a\000b\000i\000l\000i}{chapter.6}% 23
\BOOKMARK [0][-]{chapter.7}{\376\377\000O\000r\000b\000i\000t\000e\000\040\000p\000e\000r\000i\000o\000d\000i\000c\000h\000e}{part.1}% 24
\BOOKMARK [1][-]{section.7.1}{\376\377\000C\000r\000i\000t\000e\000r\000i\000\040\000d\000i\000\040\000n\000o\000n\000\040\000e\000s\000i\000s\000t\000e\000n\000z\000a\000\040\000d\000i\000f\000f\000e\000r\000e\000n\000z\000i\000a\000l\000i}{chapter.7}% 25
\BOOKMARK [1][-]{section.7.2}{\376\377\000T\000e\000o\000r\000i\000a\000\040\000d\000e\000l\000l\000'\000i\000n\000d\000i\000c\000e\000\040\000d\000i\000\040\000P\000o\000i\000c\000a\000r\000\351\000\040\000n\000e\000l\000\040\000p\000i\000a\000n\000o}{chapter.7}% 26
\BOOKMARK [1][-]{section.7.3}{\376\377\000C\000r\000i\000t\000e\000r\000i\000\040\000d\000i\000\040\000e\000s\000i\000s\000t\000e\000n\000z\000a\000\040\000d\000i\000\040\000o\000r\000b\000i\000t\000e\000\040\000p\000e\000r\000i\000o\000d\000i\000c\000h\000e}{chapter.7}% 27
\BOOKMARK [0][-]{chapter.8}{\376\377\000E\000s\000e\000m\000p\000i\000\040\000d\000i\000\040\000s\000i\000s\000t\000e\000m\000i\000\040\000d\000i\000n\000a\000m\000i\000c\000i\000\040\000c\000o\000n\000t\000i\000n\000u\000i}{part.1}% 28
\BOOKMARK [1][-]{section.8.1}{\376\377\000A\000l\000c\000u\000n\000i\000\040\000s\000i\000s\000t\000e\000m\000i\000\040\000m\000e\000c\000c\000a\000n\000i\000c\000i}{chapter.8}% 29
\BOOKMARK [2][-]{subsection.8.1.1}{\376\377\000L\000'\000o\000s\000c\000i\000l\000l\000a\000t\000o\000r\000e\000\040\000a\000r\000m\000o\000n\000i\000c\000o}{section.8.1}% 30
\BOOKMARK [2][-]{subsection.8.1.2}{\376\377\000P\000e\000n\000d\000o\000l\000o\000\040\000s\000e\000m\000p\000l\000i\000c\000e}{section.8.1}% 31
\BOOKMARK [1][-]{section.8.2}{\376\377\000D\000i\000n\000a\000m\000i\000c\000a\000\040\000d\000i\000\040\000L\000o\000t\000k\000a\000-\000V\000o\000l\000t\000e\000r\000r\000a}{chapter.8}% 32
\BOOKMARK [1][-]{section.8.3}{\376\377\000S\000i\000s\000t\000e\000m\000a\000\040\000d\000i\000\040\000L\000o\000r\000e\000n\000z}{chapter.8}% 33
\BOOKMARK [-1][-]{part.2}{\376\377\000I\000I\000\040\000S\000i\000s\000t\000e\000m\000i\000\040\000d\000i\000s\000c\000r\000e\000t\000i}{}% 34
\BOOKMARK [0][-]{appendix.Alph1}{\376\377\000R\000i\000c\000o\000n\000o\000s\000c\000i\000m\000e\000n\000t\000i\000\040\000e\000\040\000r\000i\000s\000o\000r\000s\000e}{part.2}% 35
